<?xml version="1.0" encoding="UTF-8"?>
<!-- Generated by org.testng.reporters.JUnitReportReporter -->
<testsuite hostname="JKTNOLAP622" failures="0" tests="3" name="com.jktech.testngListeners.IHookableExample" time="0.024" errors="1" timestamp="2022-10-07T11:01:14 IST" skipped="0">
  <testcase classname="com.jktech.testngListeners.IHookableExample" name="t" time="0.018"/>
  <system-out/>
  <testcase classname="com.jktech.testngListeners.IHookableExample" name="t" time="0.003"/>
  <system-out/>
  <testcase classname="com.jktech.testngListeners.IHookableExample" name="t" time="0.003">
    <error message="
com.jktech.testngListeners.IHookableExample.t defines a callback via org.testng.IHookable but neither the callback was invoked nor the status was altered to SUCCESS|FAILURE|SKIP|SUCCESS_PERCENTAGE_FAILURE" type="org.testng.TestNotInvokedException">
      <![CDATA[org.testng.TestNotInvokedException: 
com.jktech.testngListeners.IHookableExample.t defines a callback via org.testng.IHookable but neither the callback was invoked nor the status was altered to SUCCESS|FAILURE|SKIP|SUCCESS_PERCENTAGE_FAILURE
at org.testng.internal.invokers.TestInvoker.invokeMethod(TestInvoker.java:695)
at org.testng.internal.invokers.TestInvoker.invokeTestMethod(TestInvoker.java:221)
at org.testng.internal.invokers.MethodRunner.runInSequence(MethodRunner.java:50)
at org.testng.internal.invokers.TestInvoker$MethodInvocationAgent.invoke(TestInvoker.java:962)
at org.testng.internal.invokers.TestInvoker.invokeTestMethods(TestInvoker.java:194)
at org.testng.internal.invokers.TestMethodWorker.invokeTestMethods(TestMethodWorker.java:148)
at org.testng.internal.invokers.TestMethodWorker.run(TestMethodWorker.java:128)
at java.base/java.util.ArrayList.forEach(ArrayList.java:1511)
at org.testng.TestRunner.privateRun(TestRunner.java:806)
at org.testng.TestRunner.run(TestRunner.java:601)
at org.testng.SuiteRunner.runTest(SuiteRunner.java:433)
at org.testng.SuiteRunner.runSequentially(SuiteRunner.java:427)
at org.testng.SuiteRunner.privateRun(SuiteRunner.java:387)
at org.testng.SuiteRunner.run(SuiteRunner.java:330)
at org.testng.SuiteRunnerWorker.runSuite(SuiteRunnerWorker.java:52)
at org.testng.SuiteRunnerWorker.run(SuiteRunnerWorker.java:95)
at org.testng.TestNG.runSuitesSequentially(TestNG.java:1256)
at org.testng.TestNG.runSuitesLocally(TestNG.java:1176)
at org.testng.TestNG.runSuites(TestNG.java:1099)
at org.testng.TestNG.run(TestNG.java:1067)
at org.testng.remote.AbstractRemoteTestNG.run(AbstractRemoteTestNG.java:115)
at org.testng.remote.RemoteTestNG.initAndRun(RemoteTestNG.java:251)
at org.testng.remote.RemoteTestNG.main(RemoteTestNG.java:77)
]]>
    </error>
  </testcase> <!-- t -->
  <system-out/>
</testsuite> <!-- com.jktech.testngListeners.IHookableExample -->
